-------------------------------------------------------------------------------
Test set: fr.sciencespo.medialab.hci.memorystructure.index.LRUIndexTest
-------------------------------------------------------------------------------
Tests run: 6, Failures: 4, Errors: 0, Skipped: 0, Time elapsed: 8.748 sec <<< FAILURE!
testRetrieveLRUItem(fr.sciencespo.medialab.hci.memorystructure.index.LRUIndexTest)  Time elapsed: 0.24 sec  <<< FAILURE!
junit.framework.AssertionFailedError: Could not retrieve expected object
	at junit.framework.Assert.fail(Assert.java:47)
	at junit.framework.Assert.assertTrue(Assert.java:20)
	at junit.framework.Assert.assertNotNull(Assert.java:220)
	at fr.sciencespo.medialab.hci.memorystructure.index.LRUIndexTest.testRetrieveLRUItem(LRUIndexTest.java:35)

testRetrieveLRUItemByPrefix(fr.sciencespo.medialab.hci.memorystructure.index.LRUIndexTest)  Time elapsed: 0.012 sec  <<< FAILURE!
junit.framework.AssertionFailedError: Could not retrieve expected object by wildcard
	at junit.framework.Assert.fail(Assert.java:47)
	at junit.framework.Assert.assertTrue(Assert.java:20)
	at junit.framework.Assert.assertNotNull(Assert.java:220)
	at fr.sciencespo.medialab.hci.memorystructure.index.LRUIndexTest.testRetrieveLRUItemByPrefix(LRUIndexTest.java:65)

testRetrieveLRUItemBySingleCharWildCard(fr.sciencespo.medialab.hci.memorystructure.index.LRUIndexTest)  Time elapsed: 0.001 sec  <<< FAILURE!
junit.framework.AssertionFailedError: Could not retrieve expected object by single character wildcard
	at junit.framework.Assert.fail(Assert.java:47)
	at junit.framework.Assert.assertTrue(Assert.java:20)
	at junit.framework.Assert.assertNotNull(Assert.java:220)
	at fr.sciencespo.medialab.hci.memorystructure.index.LRUIndexTest.testRetrieveLRUItemBySingleCharWildCard(LRUIndexTest.java:80)

testIndexCount(fr.sciencespo.medialab.hci.memorystructure.index.LRUIndexTest)  Time elapsed: 0.001 sec  <<< FAILURE!
junit.framework.AssertionFailedError: IndexCount returns unexpected number expected:<3> but was:<0>
	at junit.framework.Assert.fail(Assert.java:47)
	at junit.framework.Assert.failNotEquals(Assert.java:282)
	at junit.framework.Assert.assertEquals(Assert.java:64)
	at junit.framework.Assert.assertEquals(Assert.java:201)
	at fr.sciencespo.medialab.hci.memorystructure.index.LRUIndexTest.testIndexCount(LRUIndexTest.java:99)

